[joao-aspirea51454:05372] *** Process received signal ***
[joao-aspirea51454:05372] Signal: Segmentation fault (11)
[joao-aspirea51454:05372] Signal code: Address not mapped (1)
[joao-aspirea51454:05372] Failing at address: (nil)
[joao-aspirea51454:05374] *** Process received signal ***
[joao-aspirea51454:05374] Signal: Segmentation fault (11)
[joao-aspirea51454:05374] Signal code: Address not mapped (1)
[joao-aspirea51454:05374] Failing at address: (nil)
[joao-aspirea51454:05375] *** Process received signal ***
[joao-aspirea51454:05375] Signal: Segmentation fault (11)
[joao-aspirea51454:05375] Signal code: Address not mapped (1)
[joao-aspirea51454:05375] Failing at address: (nil)
[joao-aspirea51454:05373] *** Process received signal ***
[joao-aspirea51454:05373] Signal: Segmentation fault (11)
[joao-aspirea51454:05373] Signal code: Address not mapped (1)
[joao-aspirea51454:05373] Failing at address: (nil)
[joao-aspirea51454:05374] [ 0] [joao-aspirea51454:05373] [ 0] [joao-aspirea51454:05375] [ 0] /usr/lib/libc.so.6(+0x3e710)[0x7fcfdda3e710]
[joao-aspirea51454:05372] [ 0] /usr/lib/libc.so.6(+0x3e710)[0x7fbcecc3e710]
[joao-aspirea51454:05372] [ 1] syr2k_paralelo_mpi.exe(+0x7d31)[0x559e31882d31]
[joao-aspirea51454:05372] [ 2] /usr/lib/libc.so.6(+0x3e710)[0x7f491c43e710]
[joao-aspirea51454:05373] [ 1] syr2k_paralelo_mpi.exe(+0x7d31)[0x557bd3185d31]
[joao-aspirea51454:05375] [ 1] syr2k_paralelo_mpi.exe(+0x7d31)[0x55988682dd31]
[joao-aspirea51454:05375] [ 2] /usr/lib/libc.so.6(+0x3e710)[0x7f003de3e710]
[joao-aspirea51454:05374] [ 1] syr2k_paralelo_mpi.exe(+0x7d31)[0x5595aeb8ed31]
[joao-aspirea51454:05374] [ 2] [joao-aspirea51454:05373] [ 2] /usr/lib/libc.so.6(+0x27cd0)[0x7f491c427cd0]
[joao-aspirea51454:05373] [ 3] /usr/lib/libc.so.6(__libc_start_main+0x8a)[0x7f491c427d8a]
[joao-aspirea51454:05373] [ 4] syr2k_paralelo_mpi.exe(+0x7af5)[0x557bd3185af5]
[joao-aspirea51454:05373] *** End of error message ***
/usr/lib/libc.so.6(+0x27cd0)[0x7fcfdda27cd0]
[joao-aspirea51454:05375] [ 3] /usr/lib/libc.so.6(__libc_start_main+0x8a)[0x7fcfdda27d8a]
[joao-aspirea51454:05375] [ 4] syr2k_paralelo_mpi.exe(+0x7af5)[0x55988682daf5]
[joao-aspirea51454:05375] *** End of error message ***
/usr/lib/libc.so.6(+0x27cd0)[0x7f003de27cd0]
[joao-aspirea51454:05374] [ 3] /usr/lib/libc.so.6(__libc_start_main+0x8a)[0x7f003de27d8a]
[joao-aspirea51454:05374] [ 4] syr2k_paralelo_mpi.exe(+0x7af5)[0x5595aeb8eaf5]
[joao-aspirea51454:05374] *** End of error message ***
/usr/lib/libc.so.6(+0x27cd0)[0x7fbcecc27cd0]
[joao-aspirea51454:05372] [ 3] /usr/lib/libc.so.6(__libc_start_main+0x8a)[0x7fbcecc27d8a]
[joao-aspirea51454:05372] [ 4] syr2k_paralelo_mpi.exe(+0x7af5)[0x559e31882af5]
[joao-aspirea51454:05372] *** End of error message ***
